R D/Solids////
R D/Signed_Distance////
R D/Point_Clouds////
R D/Particles_Interpolation_Collidable////
R D/Particles_Computations_Collidable////
R D/Particles_Advection_Collidable////
R D/Particles////
R D/Levelset_Nonlinear_Functions////
R D/Level_Set_Nonlinear_Functions////
R D/Intersections////
R D/Interpolation////
R D/Grids_Uniform_Computations_Collidable////
R D/Grids_RLE_Computations_Collidable////
R D/Grids_Dyadic_Computations_Collidable////
R D/Grids////
R D/Grid_Interpolation////
R D/Geometry////
R D/Dual_Contour////
R D/Collisions_And_Grids_Uniform////
R D/Collisions_And_Grids_RLE////
R D/Collisions_And_Grids_Dyadic////
